2021-11-08 13:59:25.484  INFO 2068 --- [main] t.e.s.SpringBootDataJpaEntityApplication : Starting SpringBootDataJpaEntityApplication using Java 16.0.2 on OusskhPC with PID 2068 (D:\4BI-ERP1\Spring\spring-boot-data-jpa-entity\target\classes started by Ousskh in D:\4BI-ERP1\Spring\spring-boot-data-jpa-entity)
2021-11-08 13:59:25.491  INFO 2068 --- [main] t.e.s.SpringBootDataJpaEntityApplication : No active profile set, falling back to default profiles: default
2021-11-08 13:59:26.150  INFO 2068 --- [main] .s.d.r.c.RepositoryConfigurationDelegate : Bootstrapping Spring Data JPA repositories in DEFAULT mode.
2021-11-08 13:59:26.219  INFO 2068 --- [main] .s.d.r.c.RepositoryConfigurationDelegate : Finished Spring Data repository scanning in 57 ms. Found 7 JPA repository interfaces.
2021-11-08 13:59:26.792  INFO 2068 --- [main] o.s.b.w.embedded.tomcat.TomcatWebServer  : Tomcat initialized with port(s): 8081 (http)
2021-11-08 13:59:26.803  INFO 2068 --- [main] o.apache.catalina.core.StandardService   : Starting service [Tomcat]
2021-11-08 13:59:26.803  INFO 2068 --- [main] org.apache.catalina.core.StandardEngine  : Starting Servlet engine: [Apache Tomcat/9.0.53]
2021-11-08 13:59:26.913  INFO 2068 --- [main] o.a.c.c.C.[.[localhost].[/SpringMVC]     : Initializing Spring embedded WebApplicationContext
2021-11-08 13:59:26.913  INFO 2068 --- [main] w.s.c.ServletWebServerApplicationContext : Root WebApplicationContext: initialization completed in 1332 ms
2021-11-08 13:59:27.072  INFO 2068 --- [main] o.hibernate.jpa.internal.util.LogHelper  : HHH000204: Processing PersistenceUnitInfo [name: default]
2021-11-08 13:59:27.109  INFO 2068 --- [main] org.hibernate.Version                    : HHH000412: Hibernate ORM core version 5.4.32.Final
2021-11-08 13:59:27.235  INFO 2068 --- [main] o.hibernate.annotations.common.Version   : HCANN000001: Hibernate Commons Annotations {5.1.2.Final}
2021-11-08 13:59:27.311  INFO 2068 --- [main] com.zaxxer.hikari.HikariDataSource       : HikariPool-1 - Starting...
2021-11-08 13:59:27.465  INFO 2068 --- [main] com.zaxxer.hikari.HikariDataSource       : HikariPool-1 - Start completed.
2021-11-08 13:59:27.475  INFO 2068 --- [main] org.hibernate.dialect.Dialect            : HHH000400: Using dialect: org.hibernate.dialect.MySQL5Dialect
2021-11-08 13:59:29.188  INFO 2068 --- [main] o.h.e.t.j.p.i.JtaPlatformInitiator       : HHH000490: Using JtaPlatform implementation: [org.hibernate.engine.transaction.jta.platform.internal.NoJtaPlatform]
2021-11-08 13:59:29.196  INFO 2068 --- [main] j.LocalContainerEntityManagerFactoryBean : Initialized JPA EntityManagerFactory for persistence unit 'default'
2021-11-08 13:59:29.563  WARN 2068 --- [main] JpaBaseConfiguration$JpaWebConfiguration : spring.jpa.open-in-view is enabled by default. Therefore, database queries may be performed during view rendering. Explicitly configure spring.jpa.open-in-view to disable this warning
2021-11-08 13:59:29.915  INFO 2068 --- [main] o.s.b.w.embedded.tomcat.TomcatWebServer  : Tomcat started on port(s): 8081 (http) with context path '/SpringMVC'
2021-11-08 13:59:29.925  INFO 2068 --- [main] t.e.s.SpringBootDataJpaEntityApplication : Started SpringBootDataJpaEntityApplication in 4.861 seconds (JVM running for 5.697)
2021-11-08 14:06:49.991  INFO 2068 --- [http-nio-8081-exec-6] o.a.c.c.C.[.[localhost].[/SpringMVC]     : Initializing Spring DispatcherServlet 'dispatcherServlet'
2021-11-08 14:06:49.991  INFO 2068 --- [http-nio-8081-exec-6] o.s.web.servlet.DispatcherServlet        : Initializing Servlet 'dispatcherServlet'
2021-11-08 14:06:49.993  INFO 2068 --- [http-nio-8081-exec-6] o.s.web.servlet.DispatcherServlet        : Completed initialization in 2 ms
2021-11-08 14:16:50.434  INFO 28028 --- [main] .SpringBootDataJpaEntityApplicationTests : Starting SpringBootDataJpaEntityApplicationTests using Java 16.0.2 on OusskhPC with PID 28028 (started by Ousskh in D:\4BI-ERP1\Spring\spring-boot-data-jpa-entity)
2021-11-08 14:16:50.437  INFO 28028 --- [main] .SpringBootDataJpaEntityApplicationTests : No active profile set, falling back to default profiles: default
2021-11-08 14:16:51.147  INFO 28028 --- [main] .s.d.r.c.RepositoryConfigurationDelegate : Bootstrapping Spring Data JPA repositories in DEFAULT mode.
2021-11-08 14:16:51.237  INFO 28028 --- [main] .s.d.r.c.RepositoryConfigurationDelegate : Finished Spring Data repository scanning in 80 ms. Found 7 JPA repository interfaces.
2021-11-08 14:16:51.831  INFO 28028 --- [main] o.hibernate.jpa.internal.util.LogHelper  : HHH000204: Processing PersistenceUnitInfo [name: default]
2021-11-08 14:16:51.885  INFO 28028 --- [main] org.hibernate.Version                    : HHH000412: Hibernate ORM core version 5.4.32.Final
2021-11-08 14:16:51.999  INFO 28028 --- [main] o.hibernate.annotations.common.Version   : HCANN000001: Hibernate Commons Annotations {5.1.2.Final}
2021-11-08 14:16:52.130  INFO 28028 --- [main] com.zaxxer.hikari.HikariDataSource       : HikariPool-1 - Starting...
2021-11-08 14:16:52.292  INFO 28028 --- [main] com.zaxxer.hikari.HikariDataSource       : HikariPool-1 - Start completed.
2021-11-08 14:16:52.306  INFO 28028 --- [main] org.hibernate.dialect.Dialect            : HHH000400: Using dialect: org.hibernate.dialect.MySQL5Dialect
2021-11-08 14:16:54.754  INFO 28028 --- [main] o.h.e.t.j.p.i.JtaPlatformInitiator       : HHH000490: Using JtaPlatform implementation: [org.hibernate.engine.transaction.jta.platform.internal.NoJtaPlatform]
2021-11-08 14:16:54.763  INFO 28028 --- [main] j.LocalContainerEntityManagerFactoryBean : Initialized JPA EntityManagerFactory for persistence unit 'default'
2021-11-08 14:16:55.601  WARN 28028 --- [main] JpaBaseConfiguration$JpaWebConfiguration : spring.jpa.open-in-view is enabled by default. Therefore, database queries may be performed during view rendering. Explicitly configure spring.jpa.open-in-view to disable this warning
2021-11-08 14:16:56.364  INFO 28028 --- [main] .SpringBootDataJpaEntityApplicationTests : Started SpringBootDataJpaEntityApplicationTests in 6.325 seconds (JVM running for 7.989)
2021-11-08 14:16:56.916  INFO 28028 --- [main] tn.esprit.spring.ClientServiceImplTest   : CLIENT ADDED : Client(idClient=5, nom=Salhi, prenom=ahmed, dateNaissance=2021-11-08, email=ahmed@salhi, password=SA43, categorieClient=Fidele, profession=Docteur, factures=null)
2021-11-08 14:16:56.932  INFO 28028 --- [SpringApplicationShutdownHook] j.LocalContainerEntityManagerFactoryBean : Closing JPA EntityManagerFactory for persistence unit 'default'
2021-11-08 14:16:56.934  INFO 28028 --- [SpringApplicationShutdownHook] com.zaxxer.hikari.HikariDataSource       : HikariPool-1 - Shutdown initiated...
2021-11-08 14:16:56.945  INFO 28028 --- [SpringApplicationShutdownHook] com.zaxxer.hikari.HikariDataSource       : HikariPool-1 - Shutdown completed.
2021-11-08 16:18:50.284  INFO 2068 --- [RMI TCP Connection(150)-127.0.0.1] inMXBeanRegistrar$SpringApplicationAdmin : Application shutdown requested.
2021-11-08 16:18:51.063  INFO 2068 --- [RMI TCP Connection(150)-127.0.0.1] j.LocalContainerEntityManagerFactoryBean : Closing JPA EntityManagerFactory for persistence unit 'default'
2021-11-08 16:18:51.119  INFO 2068 --- [RMI TCP Connection(150)-127.0.0.1] com.zaxxer.hikari.HikariDataSource       : HikariPool-1 - Shutdown initiated...
2021-11-08 16:18:51.130  INFO 2068 --- [RMI TCP Connection(150)-127.0.0.1] com.zaxxer.hikari.HikariDataSource       : HikariPool-1 - Shutdown completed.
2021-11-08 16:18:59.257  INFO 11172 --- [main] t.e.s.SpringBootDataJpaEntityApplication : Starting SpringBootDataJpaEntityApplication using Java 16.0.2 on OusskhPC with PID 11172 (D:\4BI-ERP1\Spring\spring-boot-data-jpa-entity\target\classes started by Ousskh in D:\4BI-ERP1\Spring\spring-boot-data-jpa-entity)
2021-11-08 16:18:59.261  INFO 11172 --- [main] t.e.s.SpringBootDataJpaEntityApplication : No active profile set, falling back to default profiles: default
2021-11-08 16:19:00.163  INFO 11172 --- [main] .s.d.r.c.RepositoryConfigurationDelegate : Bootstrapping Spring Data JPA repositories in DEFAULT mode.
2021-11-08 16:19:00.226  INFO 11172 --- [main] .s.d.r.c.RepositoryConfigurationDelegate : Finished Spring Data repository scanning in 54 ms. Found 7 JPA repository interfaces.
2021-11-08 16:19:00.741  INFO 11172 --- [main] o.s.b.w.embedded.tomcat.TomcatWebServer  : Tomcat initialized with port(s): 8081 (http)
2021-11-08 16:19:00.751  INFO 11172 --- [main] o.apache.catalina.core.StandardService   : Starting service [Tomcat]
2021-11-08 16:19:00.751  INFO 11172 --- [main] org.apache.catalina.core.StandardEngine  : Starting Servlet engine: [Apache Tomcat/9.0.53]
2021-11-08 16:19:00.879  INFO 11172 --- [main] o.a.c.c.C.[.[localhost].[/SpringMVC]     : Initializing Spring embedded WebApplicationContext
2021-11-08 16:19:00.879  INFO 11172 --- [main] w.s.c.ServletWebServerApplicationContext : Root WebApplicationContext: initialization completed in 1566 ms
2021-11-08 16:19:01.053  INFO 11172 --- [main] o.hibernate.jpa.internal.util.LogHelper  : HHH000204: Processing PersistenceUnitInfo [name: default]
2021-11-08 16:19:01.094  INFO 11172 --- [main] org.hibernate.Version                    : HHH000412: Hibernate ORM core version 5.4.32.Final
2021-11-08 16:19:01.205  INFO 11172 --- [main] o.hibernate.annotations.common.Version   : HCANN000001: Hibernate Commons Annotations {5.1.2.Final}
2021-11-08 16:19:01.291  INFO 11172 --- [main] com.zaxxer.hikari.HikariDataSource       : HikariPool-1 - Starting...
2021-11-08 16:19:01.432  INFO 11172 --- [main] com.zaxxer.hikari.HikariDataSource       : HikariPool-1 - Start completed.
2021-11-08 16:19:01.442  INFO 11172 --- [main] org.hibernate.dialect.Dialect            : HHH000400: Using dialect: org.hibernate.dialect.MySQL5Dialect
2021-11-08 16:19:03.364  INFO 11172 --- [main] o.h.e.t.j.p.i.JtaPlatformInitiator       : HHH000490: Using JtaPlatform implementation: [org.hibernate.engine.transaction.jta.platform.internal.NoJtaPlatform]
2021-11-08 16:19:03.373  INFO 11172 --- [main] j.LocalContainerEntityManagerFactoryBean : Initialized JPA EntityManagerFactory for persistence unit 'default'
2021-11-08 16:19:04.019  WARN 11172 --- [main] JpaBaseConfiguration$JpaWebConfiguration : spring.jpa.open-in-view is enabled by default. Therefore, database queries may be performed during view rendering. Explicitly configure spring.jpa.open-in-view to disable this warning
2021-11-08 16:19:04.447  INFO 11172 --- [main] o.s.b.w.embedded.tomcat.TomcatWebServer  : Tomcat started on port(s): 8081 (http) with context path '/SpringMVC'
2021-11-08 16:19:04.974  INFO 11172 --- [main] t.e.s.SpringBootDataJpaEntityApplication : Started SpringBootDataJpaEntityApplication in 6.14 seconds (JVM running for 7.126)
2021-11-08 16:19:27.528  INFO 11172 --- [http-nio-8081-exec-1] o.a.c.c.C.[.[localhost].[/SpringMVC]     : Initializing Spring DispatcherServlet 'dispatcherServlet'
2021-11-08 16:19:27.529  INFO 11172 --- [http-nio-8081-exec-1] o.s.web.servlet.DispatcherServlet        : Initializing Servlet 'dispatcherServlet'
2021-11-08 16:19:27.531  INFO 11172 --- [http-nio-8081-exec-1] o.s.web.servlet.DispatcherServlet        : Completed initialization in 2 ms
2021-11-08 16:23:55.111  INFO 11172 --- [RMI TCP Connection(14)-127.0.0.1] inMXBeanRegistrar$SpringApplicationAdmin : Application shutdown requested.
2021-11-08 16:23:55.152  INFO 11172 --- [RMI TCP Connection(14)-127.0.0.1] j.LocalContainerEntityManagerFactoryBean : Closing JPA EntityManagerFactory for persistence unit 'default'
2021-11-08 16:23:55.154  INFO 11172 --- [RMI TCP Connection(14)-127.0.0.1] com.zaxxer.hikari.HikariDataSource       : HikariPool-1 - Shutdown initiated...
2021-11-08 16:23:55.168  INFO 11172 --- [RMI TCP Connection(14)-127.0.0.1] com.zaxxer.hikari.HikariDataSource       : HikariPool-1 - Shutdown completed.
2021-11-08 16:23:58.999  INFO 23320 --- [main] t.e.s.SpringBootDataJpaEntityApplication : Starting SpringBootDataJpaEntityApplication using Java 16.0.2 on OusskhPC with PID 23320 (D:\4BI-ERP1\Spring\spring-boot-data-jpa-entity\target\classes started by Ousskh in D:\4BI-ERP1\Spring\spring-boot-data-jpa-entity)
2021-11-08 16:23:59.003  INFO 23320 --- [main] t.e.s.SpringBootDataJpaEntityApplication : No active profile set, falling back to default profiles: default
2021-11-08 16:24:00.293  INFO 23320 --- [main] .s.d.r.c.RepositoryConfigurationDelegate : Bootstrapping Spring Data JPA repositories in DEFAULT mode.
2021-11-08 16:24:00.357  INFO 23320 --- [main] .s.d.r.c.RepositoryConfigurationDelegate : Finished Spring Data repository scanning in 51 ms. Found 7 JPA repository interfaces.
2021-11-08 16:24:01.014  INFO 23320 --- [main] o.s.b.w.embedded.tomcat.TomcatWebServer  : Tomcat initialized with port(s): 8081 (http)
2021-11-08 16:24:01.033  INFO 23320 --- [main] o.apache.catalina.core.StandardService   : Starting service [Tomcat]
2021-11-08 16:24:01.033  INFO 23320 --- [main] org.apache.catalina.core.StandardEngine  : Starting Servlet engine: [Apache Tomcat/9.0.53]
2021-11-08 16:24:01.147  INFO 23320 --- [main] o.a.c.c.C.[.[localhost].[/SpringMVC]     : Initializing Spring embedded WebApplicationContext
2021-11-08 16:24:01.148  INFO 23320 --- [main] w.s.c.ServletWebServerApplicationContext : Root WebApplicationContext: initialization completed in 2075 ms
2021-11-08 16:24:01.335  INFO 23320 --- [main] o.hibernate.jpa.internal.util.LogHelper  : HHH000204: Processing PersistenceUnitInfo [name: default]
2021-11-08 16:24:01.379  INFO 23320 --- [main] org.hibernate.Version                    : HHH000412: Hibernate ORM core version 5.4.32.Final
2021-11-08 16:24:01.539  INFO 23320 --- [main] o.hibernate.annotations.common.Version   : HCANN000001: Hibernate Commons Annotations {5.1.2.Final}
2021-11-08 16:24:01.651  INFO 23320 --- [main] com.zaxxer.hikari.HikariDataSource       : HikariPool-1 - Starting...
2021-11-08 16:24:01.855  INFO 23320 --- [main] com.zaxxer.hikari.HikariDataSource       : HikariPool-1 - Start completed.
2021-11-08 16:24:01.872  INFO 23320 --- [main] org.hibernate.dialect.Dialect            : HHH000400: Using dialect: org.hibernate.dialect.MySQL5Dialect
2021-11-08 16:24:04.820  INFO 23320 --- [main] o.h.e.t.j.p.i.JtaPlatformInitiator       : HHH000490: Using JtaPlatform implementation: [org.hibernate.engine.transaction.jta.platform.internal.NoJtaPlatform]
2021-11-08 16:24:04.831  INFO 23320 --- [main] j.LocalContainerEntityManagerFactoryBean : Initialized JPA EntityManagerFactory for persistence unit 'default'
2021-11-08 16:24:05.459  WARN 23320 --- [main] JpaBaseConfiguration$JpaWebConfiguration : spring.jpa.open-in-view is enabled by default. Therefore, database queries may be performed during view rendering. Explicitly configure spring.jpa.open-in-view to disable this warning
2021-11-08 16:24:05.923  INFO 23320 --- [main] o.s.b.w.embedded.tomcat.TomcatWebServer  : Tomcat started on port(s): 8081 (http) with context path '/SpringMVC'
2021-11-08 16:24:06.573  INFO 23320 --- [main] t.e.s.SpringBootDataJpaEntityApplication : Started SpringBootDataJpaEntityApplication in 8.052 seconds (JVM running for 8.955)
2021-11-08 16:24:51.861  INFO 23320 --- [http-nio-8081-exec-1] o.a.c.c.C.[.[localhost].[/SpringMVC]     : Initializing Spring DispatcherServlet 'dispatcherServlet'
2021-11-08 16:24:51.862  INFO 23320 --- [http-nio-8081-exec-1] o.s.web.servlet.DispatcherServlet        : Initializing Servlet 'dispatcherServlet'
2021-11-08 16:24:51.865  INFO 23320 --- [http-nio-8081-exec-1] o.s.web.servlet.DispatcherServlet        : Completed initialization in 2 ms
2021-11-08 16:25:07.656  INFO 23320 --- [RMI TCP Connection(9)-127.0.0.1] inMXBeanRegistrar$SpringApplicationAdmin : Application shutdown requested.
2021-11-08 16:25:07.689  INFO 23320 --- [RMI TCP Connection(9)-127.0.0.1] j.LocalContainerEntityManagerFactoryBean : Closing JPA EntityManagerFactory for persistence unit 'default'
2021-11-08 16:25:07.691  INFO 23320 --- [RMI TCP Connection(9)-127.0.0.1] com.zaxxer.hikari.HikariDataSource       : HikariPool-1 - Shutdown initiated...
2021-11-08 16:25:07.699  INFO 23320 --- [RMI TCP Connection(9)-127.0.0.1] com.zaxxer.hikari.HikariDataSource       : HikariPool-1 - Shutdown completed.
2021-11-08 16:25:11.537  INFO 11692 --- [main] t.e.s.SpringBootDataJpaEntityApplication : Starting SpringBootDataJpaEntityApplication using Java 16.0.2 on OusskhPC with PID 11692 (D:\4BI-ERP1\Spring\spring-boot-data-jpa-entity\target\classes started by Ousskh in D:\4BI-ERP1\Spring\spring-boot-data-jpa-entity)
2021-11-08 16:25:11.540  INFO 11692 --- [main] t.e.s.SpringBootDataJpaEntityApplication : No active profile set, falling back to default profiles: default
2021-11-08 16:25:12.484  INFO 11692 --- [main] .s.d.r.c.RepositoryConfigurationDelegate : Bootstrapping Spring Data JPA repositories in DEFAULT mode.
2021-11-08 16:25:12.550  INFO 11692 --- [main] .s.d.r.c.RepositoryConfigurationDelegate : Finished Spring Data repository scanning in 54 ms. Found 7 JPA repository interfaces.
2021-11-08 16:25:13.035  INFO 11692 --- [main] o.s.b.w.embedded.tomcat.TomcatWebServer  : Tomcat initialized with port(s): 8081 (http)
2021-11-08 16:25:13.045  INFO 11692 --- [main] o.apache.catalina.core.StandardService   : Starting service [Tomcat]
2021-11-08 16:25:13.045  INFO 11692 --- [main] org.apache.catalina.core.StandardEngine  : Starting Servlet engine: [Apache Tomcat/9.0.53]
2021-11-08 16:25:13.166  INFO 11692 --- [main] o.a.c.c.C.[.[localhost].[/SpringMVC]     : Initializing Spring embedded WebApplicationContext
2021-11-08 16:25:13.167  INFO 11692 --- [main] w.s.c.ServletWebServerApplicationContext : Root WebApplicationContext: initialization completed in 1580 ms
2021-11-08 16:25:13.332  INFO 11692 --- [main] o.hibernate.jpa.internal.util.LogHelper  : HHH000204: Processing PersistenceUnitInfo [name: default]
2021-11-08 16:25:13.374  INFO 11692 --- [main] org.hibernate.Version                    : HHH000412: Hibernate ORM core version 5.4.32.Final
2021-11-08 16:25:13.485  INFO 11692 --- [main] o.hibernate.annotations.common.Version   : HCANN000001: Hibernate Commons Annotations {5.1.2.Final}
2021-11-08 16:25:13.581  INFO 11692 --- [main] com.zaxxer.hikari.HikariDataSource       : HikariPool-1 - Starting...
2021-11-08 16:25:13.749  INFO 11692 --- [main] com.zaxxer.hikari.HikariDataSource       : HikariPool-1 - Start completed.
2021-11-08 16:25:13.760  INFO 11692 --- [main] org.hibernate.dialect.Dialect            : HHH000400: Using dialect: org.hibernate.dialect.MySQL5Dialect
2021-11-08 16:25:15.095  INFO 11692 --- [main] o.h.e.t.j.p.i.JtaPlatformInitiator       : HHH000490: Using JtaPlatform implementation: [org.hibernate.engine.transaction.jta.platform.internal.NoJtaPlatform]
2021-11-08 16:25:15.107  INFO 11692 --- [main] j.LocalContainerEntityManagerFactoryBean : Initialized JPA EntityManagerFactory for persistence unit 'default'
2021-11-08 16:25:15.732  WARN 11692 --- [main] JpaBaseConfiguration$JpaWebConfiguration : spring.jpa.open-in-view is enabled by default. Therefore, database queries may be performed during view rendering. Explicitly configure spring.jpa.open-in-view to disable this warning
2021-11-08 16:25:16.166  INFO 11692 --- [main] o.s.b.w.embedded.tomcat.TomcatWebServer  : Tomcat started on port(s): 8081 (http) with context path '/SpringMVC'
2021-11-08 16:25:16.721  INFO 11692 --- [main] t.e.s.SpringBootDataJpaEntityApplication : Started SpringBootDataJpaEntityApplication in 5.593 seconds (JVM running for 6.408)
2021-11-08 16:25:25.740  INFO 11692 --- [http-nio-8081-exec-1] o.a.c.c.C.[.[localhost].[/SpringMVC]     : Initializing Spring DispatcherServlet 'dispatcherServlet'
2021-11-08 16:25:25.741  INFO 11692 --- [http-nio-8081-exec-1] o.s.web.servlet.DispatcherServlet        : Initializing Servlet 'dispatcherServlet'
2021-11-08 16:25:25.743  INFO 11692 --- [http-nio-8081-exec-1] o.s.web.servlet.DispatcherServlet        : Completed initialization in 2 ms
2021-11-08 16:29:36.075  INFO 11692 --- [RMI TCP Connection(12)-127.0.0.1] inMXBeanRegistrar$SpringApplicationAdmin : Application shutdown requested.
2021-11-08 16:29:36.110  INFO 11692 --- [RMI TCP Connection(12)-127.0.0.1] j.LocalContainerEntityManagerFactoryBean : Closing JPA EntityManagerFactory for persistence unit 'default'
2021-11-08 16:29:36.112  INFO 11692 --- [RMI TCP Connection(12)-127.0.0.1] com.zaxxer.hikari.HikariDataSource       : HikariPool-1 - Shutdown initiated...
2021-11-08 16:29:36.125  INFO 11692 --- [RMI TCP Connection(12)-127.0.0.1] com.zaxxer.hikari.HikariDataSource       : HikariPool-1 - Shutdown completed.
2021-11-08 16:29:39.914  INFO 24332 --- [main] t.e.s.SpringBootDataJpaEntityApplication : Starting SpringBootDataJpaEntityApplication using Java 16.0.2 on OusskhPC with PID 24332 (D:\4BI-ERP1\Spring\spring-boot-data-jpa-entity\target\classes started by Ousskh in D:\4BI-ERP1\Spring\spring-boot-data-jpa-entity)
2021-11-08 16:29:39.918  INFO 24332 --- [main] t.e.s.SpringBootDataJpaEntityApplication : No active profile set, falling back to default profiles: default
2021-11-08 16:29:40.803  INFO 24332 --- [main] .s.d.r.c.RepositoryConfigurationDelegate : Bootstrapping Spring Data JPA repositories in DEFAULT mode.
2021-11-08 16:29:40.868  INFO 24332 --- [main] .s.d.r.c.RepositoryConfigurationDelegate : Finished Spring Data repository scanning in 56 ms. Found 7 JPA repository interfaces.
2021-11-08 16:29:41.400  INFO 24332 --- [main] o.s.b.w.embedded.tomcat.TomcatWebServer  : Tomcat initialized with port(s): 8081 (http)
2021-11-08 16:29:41.409  INFO 24332 --- [main] o.apache.catalina.core.StandardService   : Starting service [Tomcat]
2021-11-08 16:29:41.409  INFO 24332 --- [main] org.apache.catalina.core.StandardEngine  : Starting Servlet engine: [Apache Tomcat/9.0.53]
2021-11-08 16:29:41.528  INFO 24332 --- [main] o.a.c.c.C.[.[localhost].[/SpringMVC]     : Initializing Spring embedded WebApplicationContext
2021-11-08 16:29:41.528  INFO 24332 --- [main] w.s.c.ServletWebServerApplicationContext : Root WebApplicationContext: initialization completed in 1562 ms
2021-11-08 16:29:41.710  INFO 24332 --- [main] o.hibernate.jpa.internal.util.LogHelper  : HHH000204: Processing PersistenceUnitInfo [name: default]
2021-11-08 16:29:41.757  INFO 24332 --- [main] org.hibernate.Version                    : HHH000412: Hibernate ORM core version 5.4.32.Final
2021-11-08 16:29:41.882  INFO 24332 --- [main] o.hibernate.annotations.common.Version   : HCANN000001: Hibernate Commons Annotations {5.1.2.Final}
2021-11-08 16:29:41.974  INFO 24332 --- [main] com.zaxxer.hikari.HikariDataSource       : HikariPool-1 - Starting...
2021-11-08 16:29:42.130  INFO 24332 --- [main] com.zaxxer.hikari.HikariDataSource       : HikariPool-1 - Start completed.
2021-11-08 16:29:42.141  INFO 24332 --- [main] org.hibernate.dialect.Dialect            : HHH000400: Using dialect: org.hibernate.dialect.MySQL5Dialect
2021-11-08 16:29:43.971  INFO 24332 --- [main] o.h.e.t.j.p.i.JtaPlatformInitiator       : HHH000490: Using JtaPlatform implementation: [org.hibernate.engine.transaction.jta.platform.internal.NoJtaPlatform]
2021-11-08 16:29:43.979  INFO 24332 --- [main] j.LocalContainerEntityManagerFactoryBean : Initialized JPA EntityManagerFactory for persistence unit 'default'
2021-11-08 16:29:44.608  WARN 24332 --- [main] JpaBaseConfiguration$JpaWebConfiguration : spring.jpa.open-in-view is enabled by default. Therefore, database queries may be performed during view rendering. Explicitly configure spring.jpa.open-in-view to disable this warning
2021-11-08 16:29:45.039  INFO 24332 --- [main] o.s.b.w.embedded.tomcat.TomcatWebServer  : Tomcat started on port(s): 8081 (http) with context path '/SpringMVC'
2021-11-08 16:29:45.565  INFO 24332 --- [main] t.e.s.SpringBootDataJpaEntityApplication : Started SpringBootDataJpaEntityApplication in 6.033 seconds (JVM running for 6.804)
2021-11-08 16:29:53.605  INFO 24332 --- [http-nio-8081-exec-1] o.a.c.c.C.[.[localhost].[/SpringMVC]     : Initializing Spring DispatcherServlet 'dispatcherServlet'
2021-11-08 16:29:53.605  INFO 24332 --- [http-nio-8081-exec-1] o.s.web.servlet.DispatcherServlet        : Initializing Servlet 'dispatcherServlet'
2021-11-08 16:29:53.607  INFO 24332 --- [http-nio-8081-exec-1] o.s.web.servlet.DispatcherServlet        : Completed initialization in 2 ms
2021-11-08 16:30:07.689  INFO 11464 --- [main] t.e.s.SpringBootDataJpaEntityApplication : Starting SpringBootDataJpaEntityApplication using Java 16.0.2 on OusskhPC with PID 11464 (D:\4BI-ERP1\Spring\spring-boot-data-jpa-entity\target\classes started by Ousskh in D:\4BI-ERP1\Spring\spring-boot-data-jpa-entity)
2021-11-08 16:30:07.695  INFO 11464 --- [main] t.e.s.SpringBootDataJpaEntityApplication : No active profile set, falling back to default profiles: default
2021-11-08 16:30:08.804  INFO 11464 --- [main] .s.d.r.c.RepositoryConfigurationDelegate : Bootstrapping Spring Data JPA repositories in DEFAULT mode.
2021-11-08 16:30:08.866  INFO 11464 --- [main] .s.d.r.c.RepositoryConfigurationDelegate : Finished Spring Data repository scanning in 51 ms. Found 7 JPA repository interfaces.
2021-11-08 16:30:09.427  INFO 11464 --- [main] o.s.b.w.embedded.tomcat.TomcatWebServer  : Tomcat initialized with port(s): 8081 (http)
2021-11-08 16:30:09.440  INFO 11464 --- [main] o.apache.catalina.core.StandardService   : Starting service [Tomcat]
2021-11-08 16:30:09.441  INFO 11464 --- [main] org.apache.catalina.core.StandardEngine  : Starting Servlet engine: [Apache Tomcat/9.0.53]
2021-11-08 16:30:09.557  INFO 11464 --- [main] o.a.c.c.C.[.[localhost].[/SpringMVC]     : Initializing Spring embedded WebApplicationContext
2021-11-08 16:30:09.557  INFO 11464 --- [main] w.s.c.ServletWebServerApplicationContext : Root WebApplicationContext: initialization completed in 1783 ms
2021-11-08 16:30:09.732  INFO 11464 --- [main] o.hibernate.jpa.internal.util.LogHelper  : HHH000204: Processing PersistenceUnitInfo [name: default]
2021-11-08 16:30:09.780  INFO 11464 --- [main] org.hibernate.Version                    : HHH000412: Hibernate ORM core version 5.4.32.Final
2021-11-08 16:30:09.914  INFO 11464 --- [main] o.hibernate.annotations.common.Version   : HCANN000001: Hibernate Commons Annotations {5.1.2.Final}
2021-11-08 16:30:10.032  INFO 11464 --- [main] com.zaxxer.hikari.HikariDataSource       : HikariPool-1 - Starting...
2021-11-08 16:30:10.214  INFO 11464 --- [main] com.zaxxer.hikari.HikariDataSource       : HikariPool-1 - Start completed.
2021-11-08 16:30:10.227  INFO 11464 --- [main] org.hibernate.dialect.Dialect            : HHH000400: Using dialect: org.hibernate.dialect.MySQL5Dialect
2021-11-08 16:30:11.939  INFO 11464 --- [main] o.h.e.t.j.p.i.JtaPlatformInitiator       : HHH000490: Using JtaPlatform implementation: [org.hibernate.engine.transaction.jta.platform.internal.NoJtaPlatform]
2021-11-08 16:30:11.946  INFO 11464 --- [main] j.LocalContainerEntityManagerFactoryBean : Initialized JPA EntityManagerFactory for persistence unit 'default'
2021-11-08 16:30:12.550  WARN 11464 --- [main] JpaBaseConfiguration$JpaWebConfiguration : spring.jpa.open-in-view is enabled by default. Therefore, database queries may be performed during view rendering. Explicitly configure spring.jpa.open-in-view to disable this warning
2021-11-08 16:30:12.952  WARN 11464 --- [main] ConfigServletWebServerApplicationContext : Exception encountered during context initialization - cancelling refresh attempt: org.springframework.context.ApplicationContextException: Failed to start bean 'webServerStartStop'; nested exception is org.springframework.boot.web.server.PortInUseException: Port 8081 is already in use
2021-11-08 16:30:12.959  INFO 11464 --- [main] j.LocalContainerEntityManagerFactoryBean : Closing JPA EntityManagerFactory for persistence unit 'default'
2021-11-08 16:30:12.962  INFO 11464 --- [main] com.zaxxer.hikari.HikariDataSource       : HikariPool-1 - Shutdown initiated...
2021-11-08 16:30:12.968  INFO 11464 --- [main] com.zaxxer.hikari.HikariDataSource       : HikariPool-1 - Shutdown completed.
2021-11-08 16:30:12.971  INFO 11464 --- [main] o.apache.catalina.core.StandardService   : Stopping service [Tomcat]
2021-11-08 16:30:12.980  INFO 11464 --- [main] ConditionEvaluationReportLoggingListener : 

Error starting ApplicationContext. To display the conditions report re-run your application with 'debug' enabled.
2021-11-08 16:30:12.991 ERROR 11464 --- [main] o.s.b.d.LoggingFailureAnalysisReporter   : 

***************************
APPLICATION FAILED TO START
***************************

Description:

Web server failed to start. Port 8081 was already in use.

Action:

Identify and stop the process that's listening on port 8081 or configure this application to listen on another port.

2021-11-08 16:30:16.648  INFO 24332 --- [RMI TCP Connection(7)-127.0.0.1] inMXBeanRegistrar$SpringApplicationAdmin : Application shutdown requested.
2021-11-08 16:30:16.677  INFO 24332 --- [RMI TCP Connection(7)-127.0.0.1] j.LocalContainerEntityManagerFactoryBean : Closing JPA EntityManagerFactory for persistence unit 'default'
2021-11-08 16:30:16.678  INFO 24332 --- [RMI TCP Connection(7)-127.0.0.1] com.zaxxer.hikari.HikariDataSource       : HikariPool-1 - Shutdown initiated...
2021-11-08 16:30:16.686  INFO 24332 --- [RMI TCP Connection(7)-127.0.0.1] com.zaxxer.hikari.HikariDataSource       : HikariPool-1 - Shutdown completed.
2021-11-08 16:30:27.013  INFO 460 --- [main] t.e.s.SpringBootDataJpaEntityApplication : Starting SpringBootDataJpaEntityApplication using Java 16.0.2 on OusskhPC with PID 460 (D:\4BI-ERP1\Spring\spring-boot-data-jpa-entity\target\classes started by Ousskh in D:\4BI-ERP1\Spring\spring-boot-data-jpa-entity)
2021-11-08 16:30:27.016  INFO 460 --- [main] t.e.s.SpringBootDataJpaEntityApplication : No active profile set, falling back to default profiles: default
2021-11-08 16:30:27.874  INFO 460 --- [main] .s.d.r.c.RepositoryConfigurationDelegate : Bootstrapping Spring Data JPA repositories in DEFAULT mode.
2021-11-08 16:30:27.937  INFO 460 --- [main] .s.d.r.c.RepositoryConfigurationDelegate : Finished Spring Data repository scanning in 56 ms. Found 7 JPA repository interfaces.
2021-11-08 16:30:28.473  INFO 460 --- [main] o.s.b.w.embedded.tomcat.TomcatWebServer  : Tomcat initialized with port(s): 8081 (http)
2021-11-08 16:30:28.482  INFO 460 --- [main] o.apache.catalina.core.StandardService   : Starting service [Tomcat]
2021-11-08 16:30:28.482  INFO 460 --- [main] org.apache.catalina.core.StandardEngine  : Starting Servlet engine: [Apache Tomcat/9.0.53]
2021-11-08 16:30:28.591  INFO 460 --- [main] o.a.c.c.C.[.[localhost].[/SpringMVC]     : Initializing Spring embedded WebApplicationContext
2021-11-08 16:30:28.592  INFO 460 --- [main] w.s.c.ServletWebServerApplicationContext : Root WebApplicationContext: initialization completed in 1526 ms
2021-11-08 16:30:28.778  INFO 460 --- [main] o.hibernate.jpa.internal.util.LogHelper  : HHH000204: Processing PersistenceUnitInfo [name: default]
2021-11-08 16:30:28.824  INFO 460 --- [main] org.hibernate.Version                    : HHH000412: Hibernate ORM core version 5.4.32.Final
2021-11-08 16:30:28.936  INFO 460 --- [main] o.hibernate.annotations.common.Version   : HCANN000001: Hibernate Commons Annotations {5.1.2.Final}
2021-11-08 16:30:29.024  INFO 460 --- [main] com.zaxxer.hikari.HikariDataSource       : HikariPool-1 - Starting...
2021-11-08 16:30:29.170  INFO 460 --- [main] com.zaxxer.hikari.HikariDataSource       : HikariPool-1 - Start completed.
2021-11-08 16:30:29.179  INFO 460 --- [main] org.hibernate.dialect.Dialect            : HHH000400: Using dialect: org.hibernate.dialect.MySQL5Dialect
2021-11-08 16:30:30.587  INFO 460 --- [main] o.h.e.t.j.p.i.JtaPlatformInitiator       : HHH000490: Using JtaPlatform implementation: [org.hibernate.engine.transaction.jta.platform.internal.NoJtaPlatform]
2021-11-08 16:30:30.598  INFO 460 --- [main] j.LocalContainerEntityManagerFactoryBean : Initialized JPA EntityManagerFactory for persistence unit 'default'
2021-11-08 16:30:31.199  WARN 460 --- [main] JpaBaseConfiguration$JpaWebConfiguration : spring.jpa.open-in-view is enabled by default. Therefore, database queries may be performed during view rendering. Explicitly configure spring.jpa.open-in-view to disable this warning
2021-11-08 16:30:31.639  INFO 460 --- [main] o.s.b.w.embedded.tomcat.TomcatWebServer  : Tomcat started on port(s): 8081 (http) with context path '/SpringMVC'
2021-11-08 16:30:32.196  INFO 460 --- [main] t.e.s.SpringBootDataJpaEntityApplication : Started SpringBootDataJpaEntityApplication in 5.583 seconds (JVM running for 6.373)
2021-11-08 16:30:36.962  INFO 460 --- [http-nio-8081-exec-1] o.a.c.c.C.[.[localhost].[/SpringMVC]     : Initializing Spring DispatcherServlet 'dispatcherServlet'
2021-11-08 16:30:36.963  INFO 460 --- [http-nio-8081-exec-1] o.s.web.servlet.DispatcherServlet        : Initializing Servlet 'dispatcherServlet'
2021-11-08 16:30:36.967  INFO 460 --- [http-nio-8081-exec-1] o.s.web.servlet.DispatcherServlet        : Completed initialization in 4 ms
2021-11-08 16:32:32.730  INFO 460 --- [RMI TCP Connection(10)-127.0.0.1] inMXBeanRegistrar$SpringApplicationAdmin : Application shutdown requested.
2021-11-08 16:32:32.761  INFO 460 --- [RMI TCP Connection(10)-127.0.0.1] j.LocalContainerEntityManagerFactoryBean : Closing JPA EntityManagerFactory for persistence unit 'default'
2021-11-08 16:32:32.763  INFO 460 --- [RMI TCP Connection(10)-127.0.0.1] com.zaxxer.hikari.HikariDataSource       : HikariPool-1 - Shutdown initiated...
2021-11-08 16:32:32.770  INFO 460 --- [RMI TCP Connection(10)-127.0.0.1] com.zaxxer.hikari.HikariDataSource       : HikariPool-1 - Shutdown completed.
2021-11-08 16:32:36.568  INFO 9480 --- [main] t.e.s.SpringBootDataJpaEntityApplication : Starting SpringBootDataJpaEntityApplication using Java 16.0.2 on OusskhPC with PID 9480 (D:\4BI-ERP1\Spring\spring-boot-data-jpa-entity\target\classes started by Ousskh in D:\4BI-ERP1\Spring\spring-boot-data-jpa-entity)
2021-11-08 16:32:36.572  INFO 9480 --- [main] t.e.s.SpringBootDataJpaEntityApplication : No active profile set, falling back to default profiles: default
2021-11-08 16:32:37.480  INFO 9480 --- [main] .s.d.r.c.RepositoryConfigurationDelegate : Bootstrapping Spring Data JPA repositories in DEFAULT mode.
2021-11-08 16:32:37.543  INFO 9480 --- [main] .s.d.r.c.RepositoryConfigurationDelegate : Finished Spring Data repository scanning in 56 ms. Found 7 JPA repository interfaces.
2021-11-08 16:32:38.061  INFO 9480 --- [main] o.s.b.w.embedded.tomcat.TomcatWebServer  : Tomcat initialized with port(s): 8081 (http)
2021-11-08 16:32:38.073  INFO 9480 --- [main] o.apache.catalina.core.StandardService   : Starting service [Tomcat]
2021-11-08 16:32:38.073  INFO 9480 --- [main] org.apache.catalina.core.StandardEngine  : Starting Servlet engine: [Apache Tomcat/9.0.53]
2021-11-08 16:32:38.204  INFO 9480 --- [main] o.a.c.c.C.[.[localhost].[/SpringMVC]     : Initializing Spring embedded WebApplicationContext
2021-11-08 16:32:38.205  INFO 9480 --- [main] w.s.c.ServletWebServerApplicationContext : Root WebApplicationContext: initialization completed in 1574 ms
2021-11-08 16:32:38.382  INFO 9480 --- [main] o.hibernate.jpa.internal.util.LogHelper  : HHH000204: Processing PersistenceUnitInfo [name: default]
2021-11-08 16:32:38.419  INFO 9480 --- [main] org.hibernate.Version                    : HHH000412: Hibernate ORM core version 5.4.32.Final
2021-11-08 16:32:38.529  INFO 9480 --- [main] o.hibernate.annotations.common.Version   : HCANN000001: Hibernate Commons Annotations {5.1.2.Final}
2021-11-08 16:32:38.621  INFO 9480 --- [main] com.zaxxer.hikari.HikariDataSource       : HikariPool-1 - Starting...
2021-11-08 16:32:38.781  INFO 9480 --- [main] com.zaxxer.hikari.HikariDataSource       : HikariPool-1 - Start completed.
2021-11-08 16:32:38.795  INFO 9480 --- [main] org.hibernate.dialect.Dialect            : HHH000400: Using dialect: org.hibernate.dialect.MySQL5Dialect
2021-11-08 16:32:41.661  INFO 9480 --- [main] o.h.e.t.j.p.i.JtaPlatformInitiator       : HHH000490: Using JtaPlatform implementation: [org.hibernate.engine.transaction.jta.platform.internal.NoJtaPlatform]
2021-11-08 16:32:41.670  INFO 9480 --- [main] j.LocalContainerEntityManagerFactoryBean : Initialized JPA EntityManagerFactory for persistence unit 'default'
2021-11-08 16:32:42.309  WARN 9480 --- [main] JpaBaseConfiguration$JpaWebConfiguration : spring.jpa.open-in-view is enabled by default. Therefore, database queries may be performed during view rendering. Explicitly configure spring.jpa.open-in-view to disable this warning
2021-11-08 16:32:42.750  INFO 9480 --- [main] o.s.b.w.embedded.tomcat.TomcatWebServer  : Tomcat started on port(s): 8081 (http) with context path '/SpringMVC'
2021-11-08 16:32:43.303  INFO 9480 --- [main] t.e.s.SpringBootDataJpaEntityApplication : Started SpringBootDataJpaEntityApplication in 7.149 seconds (JVM running for 7.937)
2021-11-08 16:32:47.290  INFO 9480 --- [http-nio-8081-exec-1] o.a.c.c.C.[.[localhost].[/SpringMVC]     : Initializing Spring DispatcherServlet 'dispatcherServlet'
2021-11-08 16:32:47.291  INFO 9480 --- [http-nio-8081-exec-1] o.s.web.servlet.DispatcherServlet        : Initializing Servlet 'dispatcherServlet'
2021-11-08 16:32:47.294  INFO 9480 --- [http-nio-8081-exec-1] o.s.web.servlet.DispatcherServlet        : Completed initialization in 3 ms
2021-11-08 16:33:44.850  INFO 9480 --- [RMI TCP Connection(9)-127.0.0.1] inMXBeanRegistrar$SpringApplicationAdmin : Application shutdown requested.
2021-11-08 16:33:44.888  INFO 9480 --- [RMI TCP Connection(9)-127.0.0.1] j.LocalContainerEntityManagerFactoryBean : Closing JPA EntityManagerFactory for persistence unit 'default'
2021-11-08 16:33:44.891  INFO 9480 --- [RMI TCP Connection(9)-127.0.0.1] com.zaxxer.hikari.HikariDataSource       : HikariPool-1 - Shutdown initiated...
2021-11-08 16:33:44.899  INFO 9480 --- [RMI TCP Connection(9)-127.0.0.1] com.zaxxer.hikari.HikariDataSource       : HikariPool-1 - Shutdown completed.
2021-11-08 16:33:48.719  INFO 2196 --- [main] t.e.s.SpringBootDataJpaEntityApplication : Starting SpringBootDataJpaEntityApplication using Java 16.0.2 on OusskhPC with PID 2196 (D:\4BI-ERP1\Spring\spring-boot-data-jpa-entity\target\classes started by Ousskh in D:\4BI-ERP1\Spring\spring-boot-data-jpa-entity)
2021-11-08 16:33:48.723  INFO 2196 --- [main] t.e.s.SpringBootDataJpaEntityApplication : No active profile set, falling back to default profiles: default
2021-11-08 16:33:49.599  INFO 2196 --- [main] .s.d.r.c.RepositoryConfigurationDelegate : Bootstrapping Spring Data JPA repositories in DEFAULT mode.
2021-11-08 16:33:49.653  INFO 2196 --- [main] .s.d.r.c.RepositoryConfigurationDelegate : Finished Spring Data repository scanning in 46 ms. Found 7 JPA repository interfaces.
2021-11-08 16:33:50.141  INFO 2196 --- [main] o.s.b.w.embedded.tomcat.TomcatWebServer  : Tomcat initialized with port(s): 8081 (http)
2021-11-08 16:33:50.148  INFO 2196 --- [main] o.apache.catalina.core.StandardService   : Starting service [Tomcat]
2021-11-08 16:33:50.149  INFO 2196 --- [main] org.apache.catalina.core.StandardEngine  : Starting Servlet engine: [Apache Tomcat/9.0.53]
2021-11-08 16:33:50.265  INFO 2196 --- [main] o.a.c.c.C.[.[localhost].[/SpringMVC]     : Initializing Spring embedded WebApplicationContext
2021-11-08 16:33:50.265  INFO 2196 --- [main] w.s.c.ServletWebServerApplicationContext : Root WebApplicationContext: initialization completed in 1487 ms
2021-11-08 16:33:50.480  INFO 2196 --- [main] o.hibernate.jpa.internal.util.LogHelper  : HHH000204: Processing PersistenceUnitInfo [name: default]
2021-11-08 16:33:50.528  INFO 2196 --- [main] org.hibernate.Version                    : HHH000412: Hibernate ORM core version 5.4.32.Final
2021-11-08 16:33:50.645  INFO 2196 --- [main] o.hibernate.annotations.common.Version   : HCANN000001: Hibernate Commons Annotations {5.1.2.Final}
2021-11-08 16:33:50.735  INFO 2196 --- [main] com.zaxxer.hikari.HikariDataSource       : HikariPool-1 - Starting...
2021-11-08 16:33:50.878  INFO 2196 --- [main] com.zaxxer.hikari.HikariDataSource       : HikariPool-1 - Start completed.
2021-11-08 16:33:50.895  INFO 2196 --- [main] org.hibernate.dialect.Dialect            : HHH000400: Using dialect: org.hibernate.dialect.MySQL5Dialect
2021-11-08 16:33:52.450  INFO 2196 --- [main] o.h.e.t.j.p.i.JtaPlatformInitiator       : HHH000490: Using JtaPlatform implementation: [org.hibernate.engine.transaction.jta.platform.internal.NoJtaPlatform]
2021-11-08 16:33:52.460  INFO 2196 --- [main] j.LocalContainerEntityManagerFactoryBean : Initialized JPA EntityManagerFactory for persistence unit 'default'
2021-11-08 16:33:53.058  WARN 2196 --- [main] JpaBaseConfiguration$JpaWebConfiguration : spring.jpa.open-in-view is enabled by default. Therefore, database queries may be performed during view rendering. Explicitly configure spring.jpa.open-in-view to disable this warning
2021-11-08 16:33:53.487  INFO 2196 --- [main] o.s.b.w.embedded.tomcat.TomcatWebServer  : Tomcat started on port(s): 8081 (http) with context path '/SpringMVC'
2021-11-08 16:33:54.032  INFO 2196 --- [main] t.e.s.SpringBootDataJpaEntityApplication : Started SpringBootDataJpaEntityApplication in 5.718 seconds (JVM running for 6.572)
2021-11-08 16:34:02.733  INFO 2196 --- [http-nio-8081-exec-1] o.a.c.c.C.[.[localhost].[/SpringMVC]     : Initializing Spring DispatcherServlet 'dispatcherServlet'
2021-11-08 16:34:02.734  INFO 2196 --- [http-nio-8081-exec-1] o.s.web.servlet.DispatcherServlet        : Initializing Servlet 'dispatcherServlet'
2021-11-08 16:34:02.737  INFO 2196 --- [http-nio-8081-exec-1] o.s.web.servlet.DispatcherServlet        : Completed initialization in 2 ms
2021-11-08 16:34:24.447  INFO 2196 --- [RMI TCP Connection(8)-127.0.0.1] inMXBeanRegistrar$SpringApplicationAdmin : Application shutdown requested.
2021-11-08 16:34:24.488  INFO 2196 --- [RMI TCP Connection(8)-127.0.0.1] j.LocalContainerEntityManagerFactoryBean : Closing JPA EntityManagerFactory for persistence unit 'default'
2021-11-08 16:34:24.490  INFO 2196 --- [RMI TCP Connection(8)-127.0.0.1] com.zaxxer.hikari.HikariDataSource       : HikariPool-1 - Shutdown initiated...
2021-11-08 16:34:24.500  INFO 2196 --- [RMI TCP Connection(8)-127.0.0.1] com.zaxxer.hikari.HikariDataSource       : HikariPool-1 - Shutdown completed.
2021-11-08 16:34:44.663  INFO 21252 --- [main] t.e.s.SpringBootDataJpaEntityApplication : Starting SpringBootDataJpaEntityApplication using Java 16.0.2 on OusskhPC with PID 21252 (D:\4BI-ERP1\Spring\spring-boot-data-jpa-entity\target\classes started by Ousskh in D:\4BI-ERP1\Spring\spring-boot-data-jpa-entity)
2021-11-08 16:34:44.668  INFO 21252 --- [main] t.e.s.SpringBootDataJpaEntityApplication : No active profile set, falling back to default profiles: default
2021-11-08 16:34:45.651  INFO 21252 --- [main] .s.d.r.c.RepositoryConfigurationDelegate : Bootstrapping Spring Data JPA repositories in DEFAULT mode.
2021-11-08 16:34:45.715  INFO 21252 --- [main] .s.d.r.c.RepositoryConfigurationDelegate : Finished Spring Data repository scanning in 54 ms. Found 7 JPA repository interfaces.
2021-11-08 16:34:46.208  INFO 21252 --- [main] o.s.b.w.embedded.tomcat.TomcatWebServer  : Tomcat initialized with port(s): 8081 (http)
2021-11-08 16:34:46.216  INFO 21252 --- [main] o.apache.catalina.core.StandardService   : Starting service [Tomcat]
2021-11-08 16:34:46.217  INFO 21252 --- [main] org.apache.catalina.core.StandardEngine  : Starting Servlet engine: [Apache Tomcat/9.0.53]
2021-11-08 16:34:46.328  INFO 21252 --- [main] o.a.c.c.C.[.[localhost].[/SpringMVC]     : Initializing Spring embedded WebApplicationContext
2021-11-08 16:34:46.328  INFO 21252 --- [main] w.s.c.ServletWebServerApplicationContext : Root WebApplicationContext: initialization completed in 1600 ms
2021-11-08 16:34:46.497  INFO 21252 --- [main] o.hibernate.jpa.internal.util.LogHelper  : HHH000204: Processing PersistenceUnitInfo [name: default]
2021-11-08 16:34:46.539  INFO 21252 --- [main] org.hibernate.Version                    : HHH000412: Hibernate ORM core version 5.4.32.Final
2021-11-08 16:34:46.664  INFO 21252 --- [main] o.hibernate.annotations.common.Version   : HCANN000001: Hibernate Commons Annotations {5.1.2.Final}
2021-11-08 16:34:46.753  INFO 21252 --- [main] com.zaxxer.hikari.HikariDataSource       : HikariPool-1 - Starting...
2021-11-08 16:34:46.891  INFO 21252 --- [main] com.zaxxer.hikari.HikariDataSource       : HikariPool-1 - Start completed.
2021-11-08 16:34:46.904  INFO 21252 --- [main] org.hibernate.dialect.Dialect            : HHH000400: Using dialect: org.hibernate.dialect.MySQL5Dialect
2021-11-08 16:34:48.302  INFO 21252 --- [main] o.h.e.t.j.p.i.JtaPlatformInitiator       : HHH000490: Using JtaPlatform implementation: [org.hibernate.engine.transaction.jta.platform.internal.NoJtaPlatform]
2021-11-08 16:34:48.311  INFO 21252 --- [main] j.LocalContainerEntityManagerFactoryBean : Initialized JPA EntityManagerFactory for persistence unit 'default'
2021-11-08 16:34:48.937  WARN 21252 --- [main] JpaBaseConfiguration$JpaWebConfiguration : spring.jpa.open-in-view is enabled by default. Therefore, database queries may be performed during view rendering. Explicitly configure spring.jpa.open-in-view to disable this warning
2021-11-08 16:34:49.365  INFO 21252 --- [main] o.s.b.w.embedded.tomcat.TomcatWebServer  : Tomcat started on port(s): 8081 (http) with context path '/SpringMVC'
2021-11-08 16:34:49.901  INFO 21252 --- [main] t.e.s.SpringBootDataJpaEntityApplication : Started SpringBootDataJpaEntityApplication in 5.633 seconds (JVM running for 6.432)
2021-11-08 16:34:56.032  INFO 21252 --- [http-nio-8081-exec-1] o.a.c.c.C.[.[localhost].[/SpringMVC]     : Initializing Spring DispatcherServlet 'dispatcherServlet'
2021-11-08 16:34:56.033  INFO 21252 --- [http-nio-8081-exec-1] o.s.web.servlet.DispatcherServlet        : Initializing Servlet 'dispatcherServlet'
2021-11-08 16:34:56.035  INFO 21252 --- [http-nio-8081-exec-1] o.s.web.servlet.DispatcherServlet        : Completed initialization in 2 ms
2021-11-08 16:38:07.033  INFO 21252 --- [RMI TCP Connection(11)-127.0.0.1] inMXBeanRegistrar$SpringApplicationAdmin : Application shutdown requested.
2021-11-08 16:38:07.071  INFO 21252 --- [RMI TCP Connection(11)-127.0.0.1] j.LocalContainerEntityManagerFactoryBean : Closing JPA EntityManagerFactory for persistence unit 'default'
2021-11-08 16:38:07.073  INFO 21252 --- [RMI TCP Connection(11)-127.0.0.1] com.zaxxer.hikari.HikariDataSource       : HikariPool-1 - Shutdown initiated...
2021-11-08 16:38:07.080  INFO 21252 --- [RMI TCP Connection(11)-127.0.0.1] com.zaxxer.hikari.HikariDataSource       : HikariPool-1 - Shutdown completed.
2021-11-08 16:38:16.465  INFO 23328 --- [main] t.e.s.SpringBootDataJpaEntityApplication : Starting SpringBootDataJpaEntityApplication using Java 16.0.2 on OusskhPC with PID 23328 (D:\4BI-ERP1\Spring\spring-boot-data-jpa-entity\target\classes started by Ousskh in D:\4BI-ERP1\Spring\spring-boot-data-jpa-entity)
2021-11-08 16:38:16.467  INFO 23328 --- [main] t.e.s.SpringBootDataJpaEntityApplication : No active profile set, falling back to default profiles: default
2021-11-08 16:38:17.369  INFO 23328 --- [main] .s.d.r.c.RepositoryConfigurationDelegate : Bootstrapping Spring Data JPA repositories in DEFAULT mode.
2021-11-08 16:38:17.435  INFO 23328 --- [main] .s.d.r.c.RepositoryConfigurationDelegate : Finished Spring Data repository scanning in 57 ms. Found 7 JPA repository interfaces.
2021-11-08 16:38:17.953  INFO 23328 --- [main] o.s.b.w.embedded.tomcat.TomcatWebServer  : Tomcat initialized with port(s): 8081 (http)
2021-11-08 16:38:17.964  INFO 23328 --- [main] o.apache.catalina.core.StandardService   : Starting service [Tomcat]
2021-11-08 16:38:17.965  INFO 23328 --- [main] org.apache.catalina.core.StandardEngine  : Starting Servlet engine: [Apache Tomcat/9.0.53]
2021-11-08 16:38:18.075  INFO 23328 --- [main] o.a.c.c.C.[.[localhost].[/SpringMVC]     : Initializing Spring embedded WebApplicationContext
2021-11-08 16:38:18.075  INFO 23328 --- [main] w.s.c.ServletWebServerApplicationContext : Root WebApplicationContext: initialization completed in 1556 ms
2021-11-08 16:38:18.241  INFO 23328 --- [main] o.hibernate.jpa.internal.util.LogHelper  : HHH000204: Processing PersistenceUnitInfo [name: default]
2021-11-08 16:38:18.279  INFO 23328 --- [main] org.hibernate.Version                    : HHH000412: Hibernate ORM core version 5.4.32.Final
2021-11-08 16:38:18.394  INFO 23328 --- [main] o.hibernate.annotations.common.Version   : HCANN000001: Hibernate Commons Annotations {5.1.2.Final}
2021-11-08 16:38:18.492  INFO 23328 --- [main] com.zaxxer.hikari.HikariDataSource       : HikariPool-1 - Starting...
2021-11-08 16:38:18.627  INFO 23328 --- [main] com.zaxxer.hikari.HikariDataSource       : HikariPool-1 - Start completed.
2021-11-08 16:38:18.641  INFO 23328 --- [main] org.hibernate.dialect.Dialect            : HHH000400: Using dialect: org.hibernate.dialect.MySQL5Dialect
2021-11-08 16:38:20.346  INFO 23328 --- [main] o.h.e.t.j.p.i.JtaPlatformInitiator       : HHH000490: Using JtaPlatform implementation: [org.hibernate.engine.transaction.jta.platform.internal.NoJtaPlatform]
2021-11-08 16:38:20.356  INFO 23328 --- [main] j.LocalContainerEntityManagerFactoryBean : Initialized JPA EntityManagerFactory for persistence unit 'default'
2021-11-08 16:38:20.986  WARN 23328 --- [main] JpaBaseConfiguration$JpaWebConfiguration : spring.jpa.open-in-view is enabled by default. Therefore, database queries may be performed during view rendering. Explicitly configure spring.jpa.open-in-view to disable this warning
2021-11-08 16:38:21.407  INFO 23328 --- [main] o.s.b.w.embedded.tomcat.TomcatWebServer  : Tomcat started on port(s): 8081 (http) with context path '/SpringMVC'
2021-11-08 16:38:21.952  INFO 23328 --- [main] t.e.s.SpringBootDataJpaEntityApplication : Started SpringBootDataJpaEntityApplication in 5.888 seconds (JVM running for 6.684)
2021-11-08 16:42:46.523  INFO 23328 --- [http-nio-8081-exec-1] o.a.c.c.C.[.[localhost].[/SpringMVC]     : Initializing Spring DispatcherServlet 'dispatcherServlet'
2021-11-08 16:42:46.524  INFO 23328 --- [http-nio-8081-exec-1] o.s.web.servlet.DispatcherServlet        : Initializing Servlet 'dispatcherServlet'
2021-11-08 16:42:46.528  INFO 23328 --- [http-nio-8081-exec-1] o.s.web.servlet.DispatcherServlet        : Completed initialization in 3 ms
2021-11-08 16:50:47.252  INFO 23328 --- [RMI TCP Connection(22)-127.0.0.1] inMXBeanRegistrar$SpringApplicationAdmin : Application shutdown requested.
2021-11-08 16:50:47.283  INFO 23328 --- [RMI TCP Connection(22)-127.0.0.1] j.LocalContainerEntityManagerFactoryBean : Closing JPA EntityManagerFactory for persistence unit 'default'
2021-11-08 16:50:47.285  INFO 23328 --- [RMI TCP Connection(22)-127.0.0.1] com.zaxxer.hikari.HikariDataSource       : HikariPool-1 - Shutdown initiated...
2021-11-08 16:50:47.291  INFO 23328 --- [RMI TCP Connection(22)-127.0.0.1] com.zaxxer.hikari.HikariDataSource       : HikariPool-1 - Shutdown completed.
2021-11-08 16:50:51.479  INFO 27132 --- [main] t.e.s.SpringBootDataJpaEntityApplication : Starting SpringBootDataJpaEntityApplication using Java 16.0.2 on OusskhPC with PID 27132 (D:\4BI-ERP1\Spring\spring-boot-data-jpa-entity\target\classes started by Ousskh in D:\4BI-ERP1\Spring\spring-boot-data-jpa-entity)
2021-11-08 16:50:51.481  INFO 27132 --- [main] t.e.s.SpringBootDataJpaEntityApplication : No active profile set, falling back to default profiles: default
2021-11-08 16:50:52.354  INFO 27132 --- [main] .s.d.r.c.RepositoryConfigurationDelegate : Bootstrapping Spring Data JPA repositories in DEFAULT mode.
2021-11-08 16:50:52.419  INFO 27132 --- [main] .s.d.r.c.RepositoryConfigurationDelegate : Finished Spring Data repository scanning in 55 ms. Found 7 JPA repository interfaces.
2021-11-08 16:50:52.934  INFO 27132 --- [main] o.s.b.w.embedded.tomcat.TomcatWebServer  : Tomcat initialized with port(s): 8081 (http)
2021-11-08 16:50:52.942  INFO 27132 --- [main] o.apache.catalina.core.StandardService   : Starting service [Tomcat]
2021-11-08 16:50:52.943  INFO 27132 --- [main] org.apache.catalina.core.StandardEngine  : Starting Servlet engine: [Apache Tomcat/9.0.53]
2021-11-08 16:50:53.060  INFO 27132 --- [main] o.a.c.c.C.[.[localhost].[/SpringMVC]     : Initializing Spring embedded WebApplicationContext
2021-11-08 16:50:53.061  INFO 27132 --- [main] w.s.c.ServletWebServerApplicationContext : Root WebApplicationContext: initialization completed in 1524 ms
2021-11-08 16:50:53.268  INFO 27132 --- [main] o.hibernate.jpa.internal.util.LogHelper  : HHH000204: Processing PersistenceUnitInfo [name: default]
2021-11-08 16:50:53.319  INFO 27132 --- [main] org.hibernate.Version                    : HHH000412: Hibernate ORM core version 5.4.32.Final
2021-11-08 16:50:53.448  INFO 27132 --- [main] o.hibernate.annotations.common.Version   : HCANN000001: Hibernate Commons Annotations {5.1.2.Final}
2021-11-08 16:50:53.533  INFO 27132 --- [main] com.zaxxer.hikari.HikariDataSource       : HikariPool-1 - Starting...
2021-11-08 16:50:53.691  INFO 27132 --- [main] com.zaxxer.hikari.HikariDataSource       : HikariPool-1 - Start completed.
2021-11-08 16:50:53.707  INFO 27132 --- [main] org.hibernate.dialect.Dialect            : HHH000400: Using dialect: org.hibernate.dialect.MySQL5Dialect
2021-11-08 16:50:56.935  INFO 27132 --- [main] o.h.e.t.j.p.i.JtaPlatformInitiator       : HHH000490: Using JtaPlatform implementation: [org.hibernate.engine.transaction.jta.platform.internal.NoJtaPlatform]
2021-11-08 16:50:56.942  INFO 27132 --- [main] j.LocalContainerEntityManagerFactoryBean : Initialized JPA EntityManagerFactory for persistence unit 'default'
2021-11-08 16:50:57.544  WARN 27132 --- [main] JpaBaseConfiguration$JpaWebConfiguration : spring.jpa.open-in-view is enabled by default. Therefore, database queries may be performed during view rendering. Explicitly configure spring.jpa.open-in-view to disable this warning
2021-11-08 16:50:57.976  INFO 27132 --- [main] o.s.b.w.embedded.tomcat.TomcatWebServer  : Tomcat started on port(s): 8081 (http) with context path '/SpringMVC'
2021-11-08 16:50:58.540  INFO 27132 --- [main] t.e.s.SpringBootDataJpaEntityApplication : Started SpringBootDataJpaEntityApplication in 7.438 seconds (JVM running for 8.59)
2021-11-08 16:51:03.045  INFO 27132 --- [http-nio-8081-exec-1] o.a.c.c.C.[.[localhost].[/SpringMVC]     : Initializing Spring DispatcherServlet 'dispatcherServlet'
2021-11-08 16:51:03.045  INFO 27132 --- [http-nio-8081-exec-1] o.s.web.servlet.DispatcherServlet        : Initializing Servlet 'dispatcherServlet'
2021-11-08 16:51:03.048  INFO 27132 --- [http-nio-8081-exec-1] o.s.web.servlet.DispatcherServlet        : Completed initialization in 2 ms
2021-11-08 16:54:31.247  INFO 27132 --- [RMI TCP Connection(13)-127.0.0.1] inMXBeanRegistrar$SpringApplicationAdmin : Application shutdown requested.
2021-11-08 16:54:31.281  INFO 27132 --- [RMI TCP Connection(13)-127.0.0.1] j.LocalContainerEntityManagerFactoryBean : Closing JPA EntityManagerFactory for persistence unit 'default'
2021-11-08 16:54:31.283  INFO 27132 --- [RMI TCP Connection(13)-127.0.0.1] com.zaxxer.hikari.HikariDataSource       : HikariPool-1 - Shutdown initiated...
2021-11-08 16:54:31.292  INFO 27132 --- [RMI TCP Connection(13)-127.0.0.1] com.zaxxer.hikari.HikariDataSource       : HikariPool-1 - Shutdown completed.
2021-11-08 22:10:50.287  INFO 22660 --- [main] t.e.s.SpringBootDataJpaEntityApplication : Starting SpringBootDataJpaEntityApplication using Java 16.0.2 on OusskhPC with PID 22660 (D:\4BI-ERP1\Spring\spring-boot-data-jpa-entity\target\classes started by Ousskh in D:\4BI-ERP1\Spring\spring-boot-data-jpa-entity)
2021-11-08 22:10:50.371  INFO 22660 --- [main] t.e.s.SpringBootDataJpaEntityApplication : No active profile set, falling back to default profiles: default
2021-11-08 22:10:51.077  INFO 22660 --- [main] .s.d.r.c.RepositoryConfigurationDelegate : Bootstrapping Spring Data JPA repositories in DEFAULT mode.
2021-11-08 22:10:51.129  INFO 22660 --- [main] .s.d.r.c.RepositoryConfigurationDelegate : Finished Spring Data repository scanning in 44 ms. Found 7 JPA repository interfaces.
2021-11-08 22:10:51.823  INFO 22660 --- [main] o.s.b.w.embedded.tomcat.TomcatWebServer  : Tomcat initialized with port(s): 8081 (http)
2021-11-08 22:10:51.832  INFO 22660 --- [main] o.apache.catalina.core.StandardService   : Starting service [Tomcat]
2021-11-08 22:10:51.833  INFO 22660 --- [main] org.apache.catalina.core.StandardEngine  : Starting Servlet engine: [Apache Tomcat/9.0.53]
2021-11-08 22:10:52.033  INFO 22660 --- [main] o.a.c.c.C.[.[localhost].[/SpringMVC]     : Initializing Spring embedded WebApplicationContext
2021-11-08 22:10:52.034  INFO 22660 --- [main] w.s.c.ServletWebServerApplicationContext : Root WebApplicationContext: initialization completed in 1625 ms
2021-11-08 22:10:52.178  INFO 22660 --- [main] o.hibernate.jpa.internal.util.LogHelper  : HHH000204: Processing PersistenceUnitInfo [name: default]
2021-11-08 22:10:52.218  INFO 22660 --- [main] org.hibernate.Version                    : HHH000412: Hibernate ORM core version 5.4.32.Final
2021-11-08 22:10:52.323  INFO 22660 --- [main] o.hibernate.annotations.common.Version   : HCANN000001: Hibernate Commons Annotations {5.1.2.Final}
2021-11-08 22:10:52.404  INFO 22660 --- [main] com.zaxxer.hikari.HikariDataSource       : HikariPool-1 - Starting...
2021-11-08 22:10:52.530  INFO 22660 --- [main] com.zaxxer.hikari.HikariDataSource       : HikariPool-1 - Start completed.
2021-11-08 22:10:52.544  INFO 22660 --- [main] org.hibernate.dialect.Dialect            : HHH000400: Using dialect: org.hibernate.dialect.MySQL5Dialect
2021-11-08 22:11:10.970  INFO 22660 --- [main] o.h.e.t.j.p.i.JtaPlatformInitiator       : HHH000490: Using JtaPlatform implementation: [org.hibernate.engine.transaction.jta.platform.internal.NoJtaPlatform]
2021-11-08 22:11:10.977  INFO 22660 --- [main] j.LocalContainerEntityManagerFactoryBean : Initialized JPA EntityManagerFactory for persistence unit 'default'
2021-11-08 22:11:11.642  WARN 22660 --- [main] JpaBaseConfiguration$JpaWebConfiguration : spring.jpa.open-in-view is enabled by default. Therefore, database queries may be performed during view rendering. Explicitly configure spring.jpa.open-in-view to disable this warning
2021-11-08 22:11:12.085  INFO 22660 --- [main] o.s.b.w.embedded.tomcat.TomcatWebServer  : Tomcat started on port(s): 8081 (http) with context path '/SpringMVC'
2021-11-08 22:11:12.636  INFO 22660 --- [main] t.e.s.SpringBootDataJpaEntityApplication : Started SpringBootDataJpaEntityApplication in 22.677 seconds (JVM running for 23.319)
2021-11-08 22:11:31.069  INFO 22660 --- [http-nio-8081-exec-1] o.a.c.c.C.[.[localhost].[/SpringMVC]     : Initializing Spring DispatcherServlet 'dispatcherServlet'
2021-11-08 22:11:31.070  INFO 22660 --- [http-nio-8081-exec-1] o.s.web.servlet.DispatcherServlet        : Initializing Servlet 'dispatcherServlet'
2021-11-08 22:11:31.071  INFO 22660 --- [http-nio-8081-exec-1] o.s.web.servlet.DispatcherServlet        : Completed initialization in 1 ms
2021-11-08 22:11:56.481  INFO 22660 --- [RMI TCP Connection(9)-127.0.0.1] inMXBeanRegistrar$SpringApplicationAdmin : Application shutdown requested.
2021-11-08 22:11:56.510  INFO 22660 --- [RMI TCP Connection(9)-127.0.0.1] j.LocalContainerEntityManagerFactoryBean : Closing JPA EntityManagerFactory for persistence unit 'default'
2021-11-08 22:11:56.512  INFO 22660 --- [RMI TCP Connection(9)-127.0.0.1] com.zaxxer.hikari.HikariDataSource       : HikariPool-1 - Shutdown initiated...
2021-11-08 22:11:56.518  INFO 22660 --- [RMI TCP Connection(9)-127.0.0.1] com.zaxxer.hikari.HikariDataSource       : HikariPool-1 - Shutdown completed.
2021-11-08 22:12:24.958  INFO 8612 --- [main] t.e.s.SpringBootDataJpaEntityApplication : Starting SpringBootDataJpaEntityApplication using Java 16.0.2 on OusskhPC with PID 8612 (D:\4BI-ERP1\Spring\spring-boot-data-jpa-entity\target\classes started by Ousskh in D:\4BI-ERP1\Spring\spring-boot-data-jpa-entity)
2021-11-08 22:12:24.961  INFO 8612 --- [main] t.e.s.SpringBootDataJpaEntityApplication : No active profile set, falling back to default profiles: default
2021-11-08 22:12:25.707  INFO 8612 --- [main] .s.d.r.c.RepositoryConfigurationDelegate : Bootstrapping Spring Data JPA repositories in DEFAULT mode.
2021-11-08 22:12:25.764  INFO 8612 --- [main] .s.d.r.c.RepositoryConfigurationDelegate : Finished Spring Data repository scanning in 50 ms. Found 7 JPA repository interfaces.
2021-11-08 22:12:26.224  INFO 8612 --- [main] o.s.b.w.embedded.tomcat.TomcatWebServer  : Tomcat initialized with port(s): 8081 (http)
2021-11-08 22:12:26.234  INFO 8612 --- [main] o.apache.catalina.core.StandardService   : Starting service [Tomcat]
2021-11-08 22:12:26.234  INFO 8612 --- [main] org.apache.catalina.core.StandardEngine  : Starting Servlet engine: [Apache Tomcat/9.0.53]
2021-11-08 22:12:26.351  INFO 8612 --- [main] o.a.c.c.C.[.[localhost].[/SpringMVC]     : Initializing Spring embedded WebApplicationContext
2021-11-08 22:12:26.352  INFO 8612 --- [main] w.s.c.ServletWebServerApplicationContext : Root WebApplicationContext: initialization completed in 1355 ms
2021-11-08 22:12:26.505  INFO 8612 --- [main] o.hibernate.jpa.internal.util.LogHelper  : HHH000204: Processing PersistenceUnitInfo [name: default]
2021-11-08 22:12:26.547  INFO 8612 --- [main] org.hibernate.Version                    : HHH000412: Hibernate ORM core version 5.4.32.Final
2021-11-08 22:12:26.664  INFO 8612 --- [main] o.hibernate.annotations.common.Version   : HCANN000001: Hibernate Commons Annotations {5.1.2.Final}
2021-11-08 22:12:26.751  INFO 8612 --- [main] com.zaxxer.hikari.HikariDataSource       : HikariPool-1 - Starting...
2021-11-08 22:12:26.883  INFO 8612 --- [main] com.zaxxer.hikari.HikariDataSource       : HikariPool-1 - Start completed.
2021-11-08 22:12:26.898  INFO 8612 --- [main] org.hibernate.dialect.Dialect            : HHH000400: Using dialect: org.hibernate.dialect.MySQL5Dialect
2021-11-08 22:12:28.884  INFO 8612 --- [main] o.h.e.t.j.p.i.JtaPlatformInitiator       : HHH000490: Using JtaPlatform implementation: [org.hibernate.engine.transaction.jta.platform.internal.NoJtaPlatform]
2021-11-08 22:12:28.896  INFO 8612 --- [main] j.LocalContainerEntityManagerFactoryBean : Initialized JPA EntityManagerFactory for persistence unit 'default'
2021-11-08 22:12:29.482  WARN 8612 --- [main] JpaBaseConfiguration$JpaWebConfiguration : spring.jpa.open-in-view is enabled by default. Therefore, database queries may be performed during view rendering. Explicitly configure spring.jpa.open-in-view to disable this warning
2021-11-08 22:12:29.878  INFO 8612 --- [main] o.s.b.w.embedded.tomcat.TomcatWebServer  : Tomcat started on port(s): 8081 (http) with context path '/SpringMVC'
2021-11-08 22:12:30.328  INFO 8612 --- [main] t.e.s.SpringBootDataJpaEntityApplication : Started SpringBootDataJpaEntityApplication in 5.692 seconds (JVM running for 6.352)
2021-11-08 22:12:37.728  INFO 8612 --- [http-nio-8081-exec-1] o.a.c.c.C.[.[localhost].[/SpringMVC]     : Initializing Spring DispatcherServlet 'dispatcherServlet'
2021-11-08 22:12:37.728  INFO 8612 --- [http-nio-8081-exec-1] o.s.web.servlet.DispatcherServlet        : Initializing Servlet 'dispatcherServlet'
2021-11-08 22:12:37.730  INFO 8612 --- [http-nio-8081-exec-1] o.s.web.servlet.DispatcherServlet        : Completed initialization in 2 ms
2021-11-08 22:13:39.221  INFO 8612 --- [RMI TCP Connection(9)-127.0.0.1] inMXBeanRegistrar$SpringApplicationAdmin : Application shutdown requested.
2021-11-08 22:13:39.252  INFO 8612 --- [RMI TCP Connection(9)-127.0.0.1] j.LocalContainerEntityManagerFactoryBean : Closing JPA EntityManagerFactory for persistence unit 'default'
2021-11-08 22:13:39.254  INFO 8612 --- [RMI TCP Connection(9)-127.0.0.1] com.zaxxer.hikari.HikariDataSource       : HikariPool-1 - Shutdown initiated...
2021-11-08 22:13:39.261  INFO 8612 --- [RMI TCP Connection(9)-127.0.0.1] com.zaxxer.hikari.HikariDataSource       : HikariPool-1 - Shutdown completed.
2021-11-08 22:13:42.762  INFO 19200 --- [main] t.e.s.SpringBootDataJpaEntityApplication : Starting SpringBootDataJpaEntityApplication using Java 16.0.2 on OusskhPC with PID 19200 (D:\4BI-ERP1\Spring\spring-boot-data-jpa-entity\target\classes started by Ousskh in D:\4BI-ERP1\Spring\spring-boot-data-jpa-entity)
2021-11-08 22:13:42.764  INFO 19200 --- [main] t.e.s.SpringBootDataJpaEntityApplication : No active profile set, falling back to default profiles: default
2021-11-08 22:13:43.523  INFO 19200 --- [main] .s.d.r.c.RepositoryConfigurationDelegate : Bootstrapping Spring Data JPA repositories in DEFAULT mode.
2021-11-08 22:13:43.577  INFO 19200 --- [main] .s.d.r.c.RepositoryConfigurationDelegate : Finished Spring Data repository scanning in 46 ms. Found 7 JPA repository interfaces.
2021-11-08 22:13:44.019  INFO 19200 --- [main] o.s.b.w.embedded.tomcat.TomcatWebServer  : Tomcat initialized with port(s): 8081 (http)
2021-11-08 22:13:44.035  INFO 19200 --- [main] o.apache.catalina.core.StandardService   : Starting service [Tomcat]
2021-11-08 22:13:44.035  INFO 19200 --- [main] org.apache.catalina.core.StandardEngine  : Starting Servlet engine: [Apache Tomcat/9.0.53]
2021-11-08 22:13:44.136  INFO 19200 --- [main] o.a.c.c.C.[.[localhost].[/SpringMVC]     : Initializing Spring embedded WebApplicationContext
2021-11-08 22:13:44.137  INFO 19200 --- [main] w.s.c.ServletWebServerApplicationContext : Root WebApplicationContext: initialization completed in 1334 ms
2021-11-08 22:13:44.288  INFO 19200 --- [main] o.hibernate.jpa.internal.util.LogHelper  : HHH000204: Processing PersistenceUnitInfo [name: default]
2021-11-08 22:13:44.326  INFO 19200 --- [main] org.hibernate.Version                    : HHH000412: Hibernate ORM core version 5.4.32.Final
2021-11-08 22:13:44.431  INFO 19200 --- [main] o.hibernate.annotations.common.Version   : HCANN000001: Hibernate Commons Annotations {5.1.2.Final}
2021-11-08 22:13:44.511  INFO 19200 --- [main] com.zaxxer.hikari.HikariDataSource       : HikariPool-1 - Starting...
2021-11-08 22:13:44.637  INFO 19200 --- [main] com.zaxxer.hikari.HikariDataSource       : HikariPool-1 - Start completed.
2021-11-08 22:13:44.647  INFO 19200 --- [main] org.hibernate.dialect.Dialect            : HHH000400: Using dialect: org.hibernate.dialect.MySQL5Dialect
2021-11-08 22:13:46.134  INFO 19200 --- [main] o.h.e.t.j.p.i.JtaPlatformInitiator       : HHH000490: Using JtaPlatform implementation: [org.hibernate.engine.transaction.jta.platform.internal.NoJtaPlatform]
2021-11-08 22:13:46.143  INFO 19200 --- [main] j.LocalContainerEntityManagerFactoryBean : Initialized JPA EntityManagerFactory for persistence unit 'default'
2021-11-08 22:13:46.707  WARN 19200 --- [main] JpaBaseConfiguration$JpaWebConfiguration : spring.jpa.open-in-view is enabled by default. Therefore, database queries may be performed during view rendering. Explicitly configure spring.jpa.open-in-view to disable this warning
2021-11-08 22:13:47.084  INFO 19200 --- [main] o.s.b.w.embedded.tomcat.TomcatWebServer  : Tomcat started on port(s): 8081 (http) with context path '/SpringMVC'
2021-11-08 22:13:47.534  INFO 19200 --- [main] t.e.s.SpringBootDataJpaEntityApplication : Started SpringBootDataJpaEntityApplication in 5.094 seconds (JVM running for 5.765)
2021-11-08 22:13:50.836  INFO 19200 --- [http-nio-8081-exec-1] o.a.c.c.C.[.[localhost].[/SpringMVC]     : Initializing Spring DispatcherServlet 'dispatcherServlet'
2021-11-08 22:13:50.836  INFO 19200 --- [http-nio-8081-exec-1] o.s.web.servlet.DispatcherServlet        : Initializing Servlet 'dispatcherServlet'
2021-11-08 22:13:50.837  INFO 19200 --- [http-nio-8081-exec-1] o.s.web.servlet.DispatcherServlet        : Completed initialization in 1 ms
